[0212/225907.393:ERROR:gpu_process_transport_factory.cc(1007)] Lost UI shared context.
[0212/225915.603:ERROR:gpu_process_transport_factory.cc(1007)] Lost UI shared context.
[0212/225924.064:INFO:CONSOLE(867)] "A parser-blocking, cross site (i.e. different eTLD+1) script, http://s13.cnzz.com/stat.php?id=1270432690, is invoked via document.write. The network request for this script MAY be blocked by the browser in this or a future page load due to poor network connectivity. If blocked in this page load, it will be confirmed in a subsequent console message. See https://www.chromestatus.com/feature/5718547946799104 for more details.", source: http://www.gzredcross.org/ (867)
[0212/225924.064:INFO:CONSOLE(867)] "A parser-blocking, cross site (i.e. different eTLD+1) script, http://s13.cnzz.com/stat.php?id=1270432690, is invoked via document.write. The network request for this script MAY be blocked by the browser in this or a future page load due to poor network connectivity. If blocked in this page load, it will be confirmed in a subsequent console message. See https://www.chromestatus.com/feature/5718547946799104 for more details.", source: http://www.gzredcross.org/ (867)
[0212/225924.211:INFO:CONSOLE(17)] "A parser-blocking, cross site (i.e. different eTLD+1) script, http://c.cnzz.com/core.php?web_id=1270432690&t=z, is invoked via document.write. The network request for this script MAY be blocked by the browser in this or a future page load due to poor network connectivity. If blocked in this page load, it will be confirmed in a subsequent console message. See https://www.chromestatus.com/feature/5718547946799104 for more details.", source: http://s13.cnzz.com/stat.php?id=1270432690 (17)
[0212/225924.212:INFO:CONSOLE(17)] "A parser-blocking, cross site (i.e. different eTLD+1) script, http://c.cnzz.com/core.php?web_id=1270432690&t=z, is invoked via document.write. The network request for this script MAY be blocked by the browser in this or a future page load due to poor network connectivity. If blocked in this page load, it will be confirmed in a subsequent console message. See https://www.chromestatus.com/feature/5718547946799104 for more details.", source: http://s13.cnzz.com/stat.php?id=1270432690 (17)
[0212/225924.306:INFO:CONSOLE(870)] "A parser-blocking, cross site (i.e. different eTLD+1) script, http://bszs.conac.cn/interact?method=doGet&id=FB79801A1772BE6FE04019AC05286BCD, is invoked via document.write. The network request for this script MAY be blocked by the browser in this or a future page load due to poor network connectivity. If blocked in this page load, it will be confirmed in a subsequent console message. See https://www.chromestatus.com/feature/5718547946799104 for more details.", source: http://www.gzredcross.org/ (870)
[0212/225924.307:INFO:CONSOLE(870)] "A parser-blocking, cross site (i.e. different eTLD+1) script, http://bszs.conac.cn/interact?method=doGet&id=FB79801A1772BE6FE04019AC05286BCD, is invoked via document.write. The network request for this script MAY be blocked by the browser in this or a future page load due to poor network connectivity. If blocked in this page load, it will be confirmed in a subsequent console message. See https://www.chromestatus.com/feature/5718547946799104 for more details.", source: http://www.gzredcross.org/ (870)
[0212/225928.706:INFO:CONSOLE(873)] "A parser-blocking, cross site (i.e. different eTLD+1) script, http://dcs.conac.cn/js/24/000/0000/40707141/CA240000000407071410001.js, is invoked via document.write. The network request for this script MAY be blocked by the browser in this or a future page load due to poor network connectivity. If blocked in this page load, it will be confirmed in a subsequent console message. See https://www.chromestatus.com/feature/5718547946799104 for more details.", source: http://www.gzredcross.org/ (873)
[0212/225946.316:ERROR:gpu_process_transport_factory.cc(1007)] Lost UI shared context.
[0212/225946.336:ERROR:cache_util_win.cc(19)] Unable to move the cache: 5
[0212/225946.336:ERROR:cache_util.cc(140)] Unable to move cache folder D:\360MoveData\Users\asus\Desktop\项目文件\python\app\spider\DataDir\Default\GPUCache to D:\360MoveData\Users\asus\Desktop\项目文件\python\app\spider\DataDir\Default\old_GPUCache_000
[0212/225946.336:ERROR:disk_cache.cc(168)] Unable to create cache
[0212/225946.336:ERROR:shader_disk_cache.cc(620)] Shader Cache Creation failed: -2
[0212/225950.989:ERROR:gpu_process_transport_factory.cc(1007)] Lost UI shared context.
[0212/225951.013:ERROR:cache_util_win.cc(19)] Unable to move the cache: 5
[0212/225951.013:ERROR:cache_util.cc(140)] Unable to move cache folder D:\360MoveData\Users\asus\Desktop\项目文件\python\app\spider\DataDir\Default\GPUCache to D:\360MoveData\Users\asus\Desktop\项目文件\python\app\spider\DataDir\Default\old_GPUCache_000
[0212/225951.013:ERROR:disk_cache.cc(168)] Unable to create cache
[0212/225951.013:ERROR:shader_disk_cache.cc(620)] Shader Cache Creation failed: -2
[0212/225954.345:ERROR:gpu_process_transport_factory.cc(1007)] Lost UI shared context.
[0212/225954.360:ERROR:cache_util_win.cc(19)] Unable to move the cache: 5
[0212/225954.360:ERROR:cache_util.cc(140)] Unable to move cache folder D:\360MoveData\Users\asus\Desktop\项目文件\python\app\spider\DataDir\Default\GPUCache to D:\360MoveData\Users\asus\Desktop\项目文件\python\app\spider\DataDir\Default\old_GPUCache_000
[0212/225954.360:ERROR:disk_cache.cc(168)] Unable to create cache
[0212/225954.360:ERROR:shader_disk_cache.cc(620)] Shader Cache Creation failed: -2
[0212/225959.036:INFO:CONSOLE(0)] "Refused to execute script from 'http://www.gzqc.com.cn/index.php?m=poster&c=index&a=show_poster&id=15' because its MIME type ('text/html') is not executable, and strict MIME type checking is enabled.", source: http://www.gzqc.com.cn/ (0)
[0212/225959.139:INFO:CONSOLE(0)] "Refused to execute script from 'http://www.gzqc.com.cn/index.php?m=poster&c=index&a=show_poster&id=16' because its MIME type ('text/html') is not executable, and strict MIME type checking is enabled.", source: http://www.gzqc.com.cn/ (0)
[0212/225959.149:INFO:CONSOLE(0)] "Refused to execute script from 'http://www.gzqc.com.cn/index.php?m=poster&c=index&a=show_poster&id=17' because its MIME type ('text/html') is not executable, and strict MIME type checking is enabled.", source: http://www.gzqc.com.cn/ (0)
[0212/225959.388:INFO:CONSOLE(0)] "Refused to execute script from 'http://www.gzqc.com.cn/index.php?m=poster&c=index&a=show_poster&id=11' because its MIME type ('text/html') is not executable, and strict MIME type checking is enabled.", source: http://www.gzqc.com.cn/ (0)
[0212/225959.421:INFO:CONSOLE(0)] "Refused to execute script from 'http://www.gzqc.com.cn/index.php?m=poster&c=index&a=show_poster&id=18' because its MIME type ('text/html') is not executable, and strict MIME type checking is enabled.", source: http://www.gzqc.com.cn/ (0)
[0212/225959.668:INFO:CONSOLE(0)] "Refused to execute script from 'http://www.gzqc.com.cn/index.php?m=poster&c=index&a=show_poster&id=19' because its MIME type ('text/html') is not executable, and strict MIME type checking is enabled.", source: http://www.gzqc.com.cn/ (0)
[0212/225959.672:INFO:CONSOLE(0)] "Refused to execute script from 'http://www.gzqc.com.cn/index.php?m=poster&c=index&a=show_poster&id=20' because its MIME type ('text/html') is not executable, and strict MIME type checking is enabled.", source: http://www.gzqc.com.cn/ (0)
[0212/230000.967:INFO:CONSOLE(0)] "Refused to execute script from 'http://www.gzqc.com.cn/index.php?m=poster&c=index&a=show&siteid=1&id=37&spaceid=14' because its MIME type ('text/html') is not executable, and strict MIME type checking is enabled.", source: http://www.gzqc.com.cn/ (0)
[0212/230003.943:ERROR:gpu_process_transport_factory.cc(1007)] Lost UI shared context.
[0212/230003.958:ERROR:cache_util_win.cc(19)] Unable to move the cache: 5
[0212/230003.958:ERROR:cache_util.cc(140)] Unable to move cache folder D:\360MoveData\Users\asus\Desktop\项目文件\python\app\spider\DataDir\Default\GPUCache to D:\360MoveData\Users\asus\Desktop\项目文件\python\app\spider\DataDir\Default\old_GPUCache_000
[0212/230003.958:ERROR:disk_cache.cc(168)] Unable to create cache
[0212/230003.958:ERROR:shader_disk_cache.cc(620)] Shader Cache Creation failed: -2
[0212/230016.843:ERROR:gpu_process_transport_factory.cc(1007)] Lost UI shared context.
[0212/230016.872:ERROR:cache_util_win.cc(19)] Unable to move the cache: 5
[0212/230016.872:ERROR:cache_util.cc(140)] Unable to move cache folder D:\360MoveData\Users\asus\Desktop\项目文件\python\app\spider\DataDir\Default\GPUCache to D:\360MoveData\Users\asus\Desktop\项目文件\python\app\spider\DataDir\Default\old_GPUCache_000
[0212/230016.872:ERROR:disk_cache.cc(168)] Unable to create cache
[0212/230016.872:ERROR:shader_disk_cache.cc(620)] Shader Cache Creation failed: -2
[0212/230018.624:INFO:CONSOLE(1297)] "A parser-blocking, cross site (i.e. different eTLD+1) script, http://dcs.conac.cn/js/24/362/2228/60012542/CA243622228600125420001.js, is invoked via document.write. The network request for this script MAY be blocked by the browser in this or a future page load due to poor network connectivity. If blocked in this page load, it will be confirmed in a subsequent console message. See https://www.chromestatus.com/feature/5718547946799104 for more details.", source: http://www.hszx.com.cn/ (1297)
[0212/230018.629:INFO:CONSOLE(1297)] "A parser-blocking, cross site (i.e. different eTLD+1) script, http://dcs.conac.cn/js/24/362/2228/60012542/CA243622228600125420001.js, is invoked via document.write. The network request for this script MAY be blocked by the browser in this or a future page load due to poor network connectivity. If blocked in this page load, it will be confirmed in a subsequent console message. See https://www.chromestatus.com/feature/5718547946799104 for more details.", source: http://www.hszx.com.cn/ (1297)
[0212/230027.494:INFO:CONSOLE(3)] "Uncaught TypeError: Cannot read property 'getElementsByTagName' of null", source: http://www.hszx.com.cn/Public/Home/Js/js.js (3)
[0212/230029.768:ERROR:gpu_process_transport_factory.cc(1007)] Lost UI shared context.
[0212/230029.785:ERROR:cache_util_win.cc(19)] Unable to move the cache: 5
[0212/230029.785:ERROR:cache_util.cc(140)] Unable to move cache folder D:\360MoveData\Users\asus\Desktop\项目文件\python\app\spider\DataDir\Default\GPUCache to D:\360MoveData\Users\asus\Desktop\项目文件\python\app\spider\DataDir\Default\old_GPUCache_000
[0212/230029.785:ERROR:disk_cache.cc(168)] Unable to create cache
[0212/230029.785:ERROR:shader_disk_cache.cc(620)] Shader Cache Creation failed: -2
[0212/230041.830:ERROR:gpu_process_transport_factory.cc(1007)] Lost UI shared context.
[0212/230041.847:ERROR:cache_util_win.cc(19)] Unable to move the cache: 5
[0212/230041.847:ERROR:cache_util.cc(140)] Unable to move cache folder D:\360MoveData\Users\asus\Desktop\项目文件\python\app\spider\DataDir\Default\GPUCache to D:\360MoveData\Users\asus\Desktop\项目文件\python\app\spider\DataDir\Default\old_GPUCache_000
[0212/230041.847:ERROR:disk_cache.cc(168)] Unable to create cache
[0212/230041.847:ERROR:shader_disk_cache.cc(620)] Shader Cache Creation failed: -2
[0212/230101.959:ERROR:gpu_process_transport_factory.cc(1007)] Lost UI shared context.
[0212/230101.979:ERROR:cache_util_win.cc(19)] Unable to move the cache: 5
[0212/230101.979:ERROR:cache_util.cc(140)] Unable to move cache folder D:\360MoveData\Users\asus\Desktop\项目文件\python\app\spider\DataDir\Default\GPUCache to D:\360MoveData\Users\asus\Desktop\项目文件\python\app\spider\DataDir\Default\old_GPUCache_000
[0212/230101.979:ERROR:disk_cache.cc(168)] Unable to create cache
[0212/230101.979:ERROR:shader_disk_cache.cc(620)] Shader Cache Creation failed: -2
[0212/230103.614:INFO:CONSOLE(364)] "A parser-blocking, cross site (i.e. different eTLD+1) script, http://dcs.conac.cn/js/24/000/0000/40192204/CA240000000401922040001.js, is invoked via document.write. The network request for this script MAY be blocked by the browser in this or a future page load due to poor network connectivity. If blocked in this page load, it will be confirmed in a subsequent console message. See https://www.chromestatus.com/feature/5718547946799104 for more details.", source: http://www.gzph.org.cn/ (364)
[0212/230103.623:INFO:CONSOLE(364)] "A parser-blocking, cross site (i.e. different eTLD+1) script, http://dcs.conac.cn/js/24/000/0000/40192204/CA240000000401922040001.js, is invoked via document.write. The network request for this script MAY be blocked by the browser in this or a future page load due to poor network connectivity. If blocked in this page load, it will be confirmed in a subsequent console message. See https://www.chromestatus.com/feature/5718547946799104 for more details.", source: http://www.gzph.org.cn/ (364)
[0212/230103.780:INFO:CONSOLE(473)] "Uncaught TypeError: Cannot read property 'style' of null", source: http://www.gzph.org.cn/ (473)
[0212/230105.896:ERROR:gpu_process_transport_factory.cc(1007)] Lost UI shared context.
[0212/230105.917:ERROR:cache_util_win.cc(19)] Unable to move the cache: 5
[0212/230105.917:ERROR:cache_util.cc(140)] Unable to move cache folder D:\360MoveData\Users\asus\Desktop\项目文件\python\app\spider\DataDir\Default\GPUCache to D:\360MoveData\Users\asus\Desktop\项目文件\python\app\spider\DataDir\Default\old_GPUCache_000
[0212/230105.917:ERROR:disk_cache.cc(168)] Unable to create cache
[0212/230105.917:ERROR:shader_disk_cache.cc(620)] Shader Cache Creation failed: -2
[0212/230110.337:ERROR:gpu_process_transport_factory.cc(1007)] Lost UI shared context.
[0212/230110.354:ERROR:cache_util_win.cc(19)] Unable to move the cache: 5
[0212/230110.354:ERROR:cache_util.cc(140)] Unable to move cache folder D:\360MoveData\Users\asus\Desktop\项目文件\python\app\spider\DataDir\Default\GPUCache to D:\360MoveData\Users\asus\Desktop\项目文件\python\app\spider\DataDir\Default\old_GPUCache_000
[0212/230110.354:ERROR:disk_cache.cc(168)] Unable to create cache
[0212/230110.354:ERROR:shader_disk_cache.cc(620)] Shader Cache Creation failed: -2
[0212/230112.185:INFO:CONSOLE(583)] "A parser-blocking, cross site (i.e. different eTLD+1) script, http://dcs.conac.cn/js/24/000/0000/40189915/CA240000000401899150002.js, is invoked via document.write. The network request for this script MAY be blocked by the browser in this or a future page load due to poor network connectivity. If blocked in this page load, it will be confirmed in a subsequent console message. See https://www.chromestatus.com/feature/5718547946799104 for more details.", source: http://www.gzyouth.cn/index.php?s=/Home/Column/index (583)
[0212/230112.188:INFO:CONSOLE(583)] "A parser-blocking, cross site (i.e. different eTLD+1) script, http://dcs.conac.cn/js/24/000/0000/40189915/CA240000000401899150002.js, is invoked via document.write. The network request for this script MAY be blocked by the browser in this or a future page load due to poor network connectivity. If blocked in this page load, it will be confirmed in a subsequent console message. See https://www.chromestatus.com/feature/5718547946799104 for more details.", source: http://www.gzyouth.cn/index.php?s=/Home/Column/index (583)
[0212/230114.358:ERROR:gpu_process_transport_factory.cc(1007)] Lost UI shared context.
[0212/230114.377:ERROR:cache_util_win.cc(19)] Unable to move the cache: 5
[0212/230114.377:ERROR:cache_util.cc(140)] Unable to move cache folder D:\360MoveData\Users\asus\Desktop\项目文件\python\app\spider\DataDir\Default\GPUCache to D:\360MoveData\Users\asus\Desktop\项目文件\python\app\spider\DataDir\Default\old_GPUCache_000
[0212/230114.377:ERROR:disk_cache.cc(168)] Unable to create cache
[0212/230114.377:ERROR:shader_disk_cache.cc(620)] Shader Cache Creation failed: -2
[0212/230117.081:INFO:CONSOLE(0)] "Refused to execute script from 'http://www.gzqc.com.cn/index.php?m=poster&c=index&a=show_poster&id=15' because its MIME type ('text/html') is not executable, and strict MIME type checking is enabled.", source: http://www.gzqc.com.cn/ (0)
[0212/230117.232:INFO:CONSOLE(0)] "Refused to execute script from 'http://www.gzqc.com.cn/index.php?m=poster&c=index&a=show_poster&id=16' because its MIME type ('text/html') is not executable, and strict MIME type checking is enabled.", source: http://www.gzqc.com.cn/ (0)
[0212/230117.372:INFO:CONSOLE(0)] "Refused to execute script from 'http://www.gzqc.com.cn/index.php?m=poster&c=index&a=show_poster&id=17' because its MIME type ('text/html') is not executable, and strict MIME type checking is enabled.", source: http://www.gzqc.com.cn/ (0)
[0212/230117.377:INFO:CONSOLE(0)] "Refused to execute script from 'http://www.gzqc.com.cn/index.php?m=poster&c=index&a=show_poster&id=11' because its MIME type ('text/html') is not executable, and strict MIME type checking is enabled.", source: http://www.gzqc.com.cn/ (0)
[0212/230117.606:INFO:CONSOLE(0)] "Refused to execute script from 'http://www.gzqc.com.cn/index.php?m=poster&c=index&a=show_poster&id=18' because its MIME type ('text/html') is not executable, and strict MIME type checking is enabled.", source: http://www.gzqc.com.cn/ (0)
[0212/230117.635:INFO:CONSOLE(0)] "Refused to execute script from 'http://www.gzqc.com.cn/index.php?m=poster&c=index&a=show_poster&id=19' because its MIME type ('text/html') is not executable, and strict MIME type checking is enabled.", source: http://www.gzqc.com.cn/ (0)
[0212/230117.636:INFO:CONSOLE(0)] "Refused to execute script from 'http://www.gzqc.com.cn/index.php?m=poster&c=index&a=show_poster&id=20' because its MIME type ('text/html') is not executable, and strict MIME type checking is enabled.", source: http://www.gzqc.com.cn/ (0)
[0212/230119.261:INFO:CONSOLE(0)] "Refused to execute script from 'http://www.gzqc.com.cn/index.php?m=poster&c=index&a=show&siteid=1&id=37&spaceid=14' because its MIME type ('text/html') is not executable, and strict MIME type checking is enabled.", source: http://www.gzqc.com.cn/ (0)
[0212/230122.097:ERROR:gpu_process_transport_factory.cc(1007)] Lost UI shared context.
[0212/230122.113:ERROR:cache_util_win.cc(19)] Unable to move the cache: 5
[0212/230122.113:ERROR:cache_util.cc(140)] Unable to move cache folder D:\360MoveData\Users\asus\Desktop\项目文件\python\app\spider\DataDir\Default\GPUCache to D:\360MoveData\Users\asus\Desktop\项目文件\python\app\spider\DataDir\Default\old_GPUCache_000
[0212/230122.113:ERROR:disk_cache.cc(168)] Unable to create cache
[0212/230122.113:ERROR:shader_disk_cache.cc(620)] Shader Cache Creation failed: -2
[0212/232814.417:WARNING:dns_config_service_win.cc(669)] Failed to read DnsConfig.
[0212/232814.506:WARNING:dns_config_service_win.cc(669)] Failed to read DnsConfig.
[0212/232814.543:WARNING:dns_config_service_win.cc(669)] Failed to read DnsConfig.
[0212/232814.563:WARNING:dns_config_service_win.cc(669)] Failed to read DnsConfig.
[0212/232818.263:ERROR:gpu_process_transport_factory.cc(1007)] Lost UI shared context.
[0212/232818.324:WARNING:dns_config_service_win.cc(669)] Failed to read DnsConfig.
[0212/232818.470:ERROR:cache_util_win.cc(19)] Unable to move the cache: 5
[0212/232818.470:ERROR:cache_util.cc(140)] Unable to move cache folder D:\360MoveData\Users\asus\Desktop\项目文件\python\app\spider\DataDir\Default\GPUCache to D:\360MoveData\Users\asus\Desktop\项目文件\python\app\spider\DataDir\Default\old_GPUCache_000
[0212/232818.470:ERROR:disk_cache.cc(168)] Unable to create cache
[0212/232818.470:ERROR:shader_disk_cache.cc(620)] Shader Cache Creation failed: -2
[0212/225928.708:INFO:CONSOLE(873)] "A parser-blocking, cross site (i.e. different eTLD+1) script, http://dcs.conac.cn/js/24/000/0000/40707141/CA240000000407071410001.js, is invoked via document.write. The network request for this script MAY be blocked by the browser in this or a future page load due to poor network connectivity. If blocked in this page load, it will be confirmed in a subsequent console message. See https://www.chromestatus.com/feature/5718547946799104 for more details.", source: http://www.gzredcross.org/ (873)
[0212/232823.375:INFO:CONSOLE(1022)] "Uncaught SyntaxError: Unexpected token ;", source: http://www.gzredcross.org/ (1022)
[0212/232814.474:WARNING:dns_config_service_win.cc(669)] Failed to read DnsConfig.
[0213/032254.409:WARNING:dns_config_service_win.cc(669)] Failed to read DnsConfig.
[0213/032254.409:WARNING:dns_config_service_win.cc(669)] Failed to read DnsConfig.
[0213/032254.990:WARNING:dns_config_service_win.cc(669)] Failed to read DnsConfig.
[0213/032255.008:WARNING:dns_config_service_win.cc(669)] Failed to read DnsConfig.
[0213/032255.040:WARNING:dns_config_service_win.cc(669)] Failed to read DnsConfig.
[0213/032255.044:WARNING:dns_config_service_win.cc(669)] Failed to read DnsConfig.
[0213/032255.327:WARNING:dns_config_service_win.cc(669)] Failed to read DnsConfig.
[0213/032255.327:WARNING:dns_config_service_win.cc(669)] Failed to read DnsConfig.
[0213/032255.354:WARNING:dns_config_service_win.cc(669)] Failed to read DnsConfig.
[0213/032255.372:WARNING:dns_config_service_win.cc(669)] Failed to read DnsConfig.
[0213/122322.327:WARNING:dns_config_service_win.cc(669)] Failed to read DnsConfig.
[0213/122322.446:WARNING:dns_config_service_win.cc(669)] Failed to read DnsConfig.
[0213/122322.586:WARNING:dns_config_service_win.cc(669)] Failed to read DnsConfig.
[0213/122322.646:WARNING:dns_config_service_win.cc(669)] Failed to read DnsConfig.
[0213/122327.338:WARNING:dns_config_service_win.cc(669)] Failed to read DnsConfig.
[0213/131356.686:WARNING:dns_config_service_win.cc(669)] Failed to read DnsConfig.
[0213/131356.961:WARNING:dns_config_service_win.cc(669)] Failed to read DnsConfig.
[0213/134915.641:WARNING:dns_config_service_win.cc(669)] Failed to read DnsConfig.
[0213/134915.659:WARNING:dns_config_service_win.cc(669)] Failed to read DnsConfig.
[0213/134915.853:WARNING:dns_config_service_win.cc(669)] Failed to read DnsConfig.
[0213/134915.914:WARNING:dns_config_service_win.cc(669)] Failed to read DnsConfig.
[0213/134915.915:WARNING:dns_config_service_win.cc(669)] Failed to read DnsConfig.
[0213/134920.663:WARNING:dns_config_service_win.cc(669)] Failed to read DnsConfig.
[0213/134920.691:WARNING:dns_config_service_win.cc(669)] Failed to read DnsConfig.
[0213/134920.859:WARNING:dns_config_service_win.cc(669)] Failed to read DnsConfig.
[0213/134920.919:WARNING:dns_config_service_win.cc(669)] Failed to read DnsConfig.
[0213/134920.923:WARNING:dns_config_service_win.cc(669)] Failed to read DnsConfig.
[0213/143150.684:WARNING:dns_config_service_win.cc(669)] Failed to read DnsConfig.
[0213/143150.688:WARNING:dns_config_service_win.cc(669)] Failed to read DnsConfig.
[0213/143150.699:WARNING:dns_config_service_win.cc(669)] Failed to read DnsConfig.
[0213/143150.702:WARNING:dns_config_service_win.cc(669)] Failed to read DnsConfig.
[0213/143155.688:WARNING:dns_config_service_win.cc(669)] Failed to read DnsConfig.
[0213/143155.695:WARNING:dns_config_service_win.cc(669)] Failed to read DnsConfig.
[0213/143155.708:WARNING:dns_config_service_win.cc(669)] Failed to read DnsConfig.
[0213/143155.711:WARNING:dns_config_service_win.cc(669)] Failed to read DnsConfig.
[0213/143204.495:WARNING:dns_config_service_win.cc(669)] Failed to read DnsConfig.
[0213/143204.496:WARNING:dns_config_service_win.cc(669)] Failed to read DnsConfig.
[0213/143204.518:WARNING:dns_config_service_win.cc(669)] Failed to read DnsConfig.
[0213/143204.518:WARNING:dns_config_service_win.cc(669)] Failed to read DnsConfig.
[0213/154524.075:ERROR:gpu_process_transport_factory.cc(1007)] Lost UI shared context.
[0213/154524.099:ERROR:cache_util_win.cc(19)] Unable to move the cache: 5
[0213/154524.099:ERROR:cache_util.cc(140)] Unable to move cache folder D:\360MoveData\Users\asus\Desktop\项目文件\python\app\spider\DataDir\Default\GPUCache to D:\360MoveData\Users\asus\Desktop\项目文件\python\app\spider\DataDir\Default\old_GPUCache_000
[0213/154524.099:ERROR:disk_cache.cc(168)] Unable to create cache
[0213/154524.099:ERROR:shader_disk_cache.cc(620)] Shader Cache Creation failed: -2
[0213/154531.045:ERROR:gpu_process_transport_factory.cc(1007)] Lost UI shared context.
[0213/154531.065:ERROR:cache_util_win.cc(19)] Unable to move the cache: 5
[0213/154531.065:ERROR:cache_util.cc(140)] Unable to move cache folder D:\360MoveData\Users\asus\Desktop\项目文件\python\app\spider\DataDir\Default\GPUCache to D:\360MoveData\Users\asus\Desktop\项目文件\python\app\spider\DataDir\Default\old_GPUCache_000
[0213/154531.065:ERROR:disk_cache.cc(168)] Unable to create cache
[0213/154531.065:ERROR:shader_disk_cache.cc(620)] Shader Cache Creation failed: -2
